1558294880858	mozrunner::runner	INFO	Running command: "C:\\Program Files\\Mozilla Firefox\\firefox.exe" "-marionette" "-foreground" "-no-remote" "-profile" "C:\\Users\\Jonttu\\AppData\\Local\\Temp\\rust_mozprofile.1t8DhcaBZfXx"
1558294883961	addons.webextension.screenshots@mozilla.org	WARN	Loading extension 'screenshots@mozilla.org': Reading manifest: Invalid extension permission: mozillaAddons
1558294883961	addons.webextension.screenshots@mozilla.org	WARN	Loading extension 'screenshots@mozilla.org': Reading manifest: Invalid extension permission: resource://pdf.js/
1558294883962	addons.webextension.screenshots@mozilla.org	WARN	Loading extension 'screenshots@mozilla.org': Reading manifest: Invalid extension permission: about:reader*
1558294889519	Marionette	INFO	Listening on port 50007
[Child 13344, Chrome_ChildThread] WARNING: pipe error: 109: file z:/build/build/src/ipc/chromium/src/chrome/common/ipc_channel_win.cc, line 332
[Child 13344, Chrom1558294889860	Marionette	WARN	TLS certificate errors will be ignored for this session
[Parent 5144, Gecko_IOThread] WARNING: pipe error: 109: file z:/build/build/src/ipc/chromium/src/chrome/common/ipc_channel_win.cc, line 332
[Child 15436, Chrome_ChildThread] WARNING: pipe error: 109: file z:/build/build/src/ipc/chromium/src/chrome/common/ipc_channel_win.cc, line 332
[Child 15436, Chrome_ChildTh[Parent 5144, Gecko_IOThread] WARNING: pipe error: 109: file z:/build/build/src/ipc/chromium/src/chrome/common/ipc_channel_win.cc, line 332
[Child 15684, Chrome_ChildThread] WARNING: pipe error: 109: file z:/build/build/src/ipc/chromium/src/chrome/common/ipc_channel_win.cc, line 332
[Child 15[Child 8072, Chrome_ChildThread] WARNING: pipe error: 109: file z:/build/build/src/ipc/chromium/src/chrome/common/ipc_channel_win.cc, line 332
[Child 81558294983821	Marionette	INFO	Stopped listening on port 50007
[GPU 
###!!! [Child][MessageChannel::SendAndWait] Error: Channel error: cannot send/recv

1558295516476	mozrunner::runner	INFO	Running command: "C:\\Program Files\\Mozilla Firefox\\firefox.exe" "-marionette" "-foreground" "-no-remote" "-profile" "C:\\Users\\Jonttu\\AppData\\Local\\Temp\\rust_mozprofile.0SLJXjmMG8SB"
1558295562164	mozrunner::runner	INFO	Running command: "C:\\Program Files\\Mozilla Firefox\\firefox.exe" "-marionette" "-foreground" "-no-remote" "-profile" "C:\\Users\\Jonttu\\AppData\\Local\\Temp\\rust_mozprofile.toapMZuFPcSe"
1558295563891	addons.webextension.screenshots@mozilla.org	WARN	Loading extension 'screenshots@mozilla.org': Reading manifest: Invalid extension permission: mozillaAddons
1558295563891	addons.webextension.screenshots@mozilla.org	WARN	Loading extension 'screenshots@mozilla.org': Reading manifest: Invalid extension permission: resource://pdf.js/
1558295563891	addons.webextension.screenshots@mozilla.org	WARN	Loading extension 'screenshots@mozilla.org': Reading manifest: Invalid extension permission: about:reader*
1558295566042	Marionette	INFO	Listening on port 50320
1558295566059	Marionette	WARN	TLS certificate errors will be ignored for this session
[Parent 15604, Gecko_IOThread] WARNING: pipe error: 109: file z:/build/build/src/ipc/chromium/src/chrome/common/ipc_channel_win.cc, line 332
[Child 11340, Chrome_ChildThread] WARNING: pipe error: 109: file z:/build/build/src/ipc/chromium/src/chrome/common/ipc_channel_win.cc, line 332
[Child 11340, Chr[Parent 15604, Gecko_IOThread] WARNING: pipe error: 109: file z:/build/build/src/ipc/chromium/src/chrome/common/ipc_channel_win.cc, line 332
[Parent 15604, Gecko_IOThread] WARNING: pipe error: 109: file z:/build/build/src/ipc/chromium/src/chrome/common/ipc_channel_win.cc, line 332
[Child 5252, Chrome_ChildThread] WARNING: pipe error: 109: file z:/build/build/src/ipc/chromium/src/chrome/common/ipc_channel_win.cc, line 332
[Chi[Child 5252, Chld 5328, Chrome_ChildThread] WARNING: pipe error: 109: file z:/build/build/src/ipc/chromium/src/chrome/common/ipc_channel_win.cc, line 332
[Child 5328, Ch[Parent 15604, Gecko_IOThread] WARNING: pipe error: 109: file z:/build/build/src/ipc/chromium/src/chrome/common/ipc_channel_win.cc, line 332
1558295724562	Marionette	INFO	Stopped listening on port 50320
[GPU 3912,
###!!! [Child][RunMessage] Error: Channel closing: too late to send/recv, messages will be lost


###!!! [Child][MessageChannel::SendAndWait] Error: Channel error: cannot send/recv

1558296278349	mozrunner::runner	INFO	Running command: "C:\\Program Files\\Mozilla Firefox\\firefox.exe" "-marionette" "-foreground" "-no-remote" "-profile" "C:\\Users\\Jonttu\\AppData\\Local\\Temp\\rust_mozprofile.VuumnSqlLErT"
1558296280091	addons.webextension.screenshots@mozilla.org	WARN	Loading extension 'screenshots@mozilla.org': Reading manifest: Invalid extension permission: mozillaAddons
1558296280092	addons.webextension.screenshots@mozilla.org	WARN	Loading extension 'screenshots@mozilla.org': Reading manifest: Invalid extension permission: resource://pdf.js/
1558296280092	addons.webextension.screenshots@mozilla.org	WARN	Loading extension 'screenshots@mozilla.org': Reading manifest: Invalid extension permission: about:reader*
1558296284098	Marionette	INFO	Listening on port 50527
1558296284495	Marionette	WARN	TLS certificate errors will be ignored for this session
1558296461493	mozrunner::runner	INFO	Running command: "C:\\Program Files\\Mozilla Firefox\\firefox.exe" "-marionette" "-foreground" "-no-remote" "-profile" "C:\\Users\\Jonttu\\AppData\\Local\\Temp\\rust_mozprofile.dZOoLFdI4sfy"
1558296464507	addons.webextension.screenshots@mozilla.org	WARN	Loading extension 'screenshots@mozilla.org': Reading manifest: Invalid extension permission: mozillaAddons
1558296464507	addons.webextension.screenshots@mozilla.org	WARN	Loading extension 'screenshots@mozilla.org': Reading manifest: Invalid extension permission: resource://pdf.js/
1558296464508	addons.webextension.screenshots@mozilla.org	WARN	Loading extension 'screenshots@mozilla.org': Reading manifest: Invalid extension permission: about:reader*
1558296467323	Marionette	INFO	Listening on port 50598
[Parent 828, Gecko_IOThread] WARNING: pipe error: 109: file z:/build/build/src/ipc/chromium/src/chrome/common/ipc_channel_win.cc, line 332
[Child 14884, Chrome_ChildThread] WARNING: pipe error: 109: file z:/build/build/src/ipc/chromium/src/chrome/common/ipc_channel_win.cc, line 332
[Child 2748, Chrome_ChildThread] WARNING: pipe error: 109: file z:/build/build/src/ipc/chromium/src/chrome/common/ipc_channel_win.cc, line 332
[Child 2748, C[Parent 828, Gecko_IOThread] WARNING: pipe error: 109: file z:/build/build/src/ipc/chromium/src/chrome/common/ipc_channel_win.cc, line 332
[Child 14020, Chrome_ChildThread] WARNING: pipe error: 109: file z:/build/build/src/ipc/chromium/src/chrome/common/ipc_channel_win.cc, line 332
[Child 141558296484554	Marionette	INFO	Stopped listening on port 50598
[
###!!! [Child][MessageChannel::SendAndWait] Error: Channel error: cannot send/recv

der*
1558296474734	Marionette	INFO	Listening on port 50625
1558296474973	Marionette	WARN	TLS certificate errors will be ignored for this session
[Parent 13724, Gecko_IOThread] WARNING: pipe error: 109: file z:/build/build/src/ipc/chromium/src/chrome/common/ipc_channel_win.cc, line 332
[Parent 13724, Gecko_IOThread] WARNING: pipe error: 109: file z:/build/build/src/ipc/chromium/src/chrome/common/ipc_channel_win.cc, line 332
[Child 6552, Chrome_ChildThread] WARNING: pipe error: 109: file z:/build/build/src/ipc/chromium/src/chrome/common/ipc_channel_win.cc, line 332
[Child 9924, Chrome_ChildThread] WARNING: pipe error: 109: file z:/build/build/src/ipc/chromium/src/chrome/common/ipc_channel_win.cc, line 332
[Child 9924, Chrome_ChildThread] WARNING: pipe error: 109: file z:/build/build/s[Parent 13724, Gecko_IOThread] WARNING: pipe error: 109: file z:/build/build/src/ipc/chromium/src/chrome/common/ipc_channel_win.cc, line 332
[Child 4288, Chrome_ChildThread] WARNING: pipe error: 109: file z:/build/build/src/ipc/chromium/src/chrome/common/ipc_channel_win.cc, line 332
[Child 4288, Chr1558296485250	Marionette	INFO	Stopped listening on port 50625
[GPU 1535
###!!! [Child][RunMessage] Error: Channel closing: too late to send/recv, messages will be lost


###!!! [Child][MessageChannel::SendAndWait] Error: Channel error: cannot send/recv

1558296500520	mozrunner::runner	INFO	Running command: "C:\\Program Files\\Mozilla Firefox\\firefox.exe" "-marionette" "-foreground" "-no-remote" "-profile" "C:\\Users\\Jonttu\\AppData\\Local\\Temp\\rust_mozprofile.OEeYIMbVVeMS"
1558296501941	addons.webextension.screenshots@mozilla.org	WARN	Loading extension 'screenshots@mozilla.org': Reading manifest: Invalid extension permission: mozillaAddons
1558296501941	addons.webextension.screenshots@mozilla.org	WARN	Loading extension 'screenshots@mozilla.org': Reading manifest: Invalid extension permission: resource://pdf.js/
1558296501941	addons.webextension.screenshots@mozilla.org	WARN	Loading extension 'screenshots@mozilla.org': Reading manifest: Invalid extension permission: about:reader*
1558296503991	Marionette	INFO	Listening on port 50677
1558296504361	Marionette	WARN	TLS certificate errors will be ignored for this session
1558296579754	mozrunner::runner	INFO	Running command: "C:\\Program Files\\Mozilla Firefox\\firefox.exe" "-marionette" "-foreground" "-no-remote" "-profile" "C:\\Users\\Jonttu\\AppData\\Local\\Temp\\rust_mozprofile.e6HWmCmyYsfN"
1558296581135	addons.webextension.screenshots@mozilla.org	WARN	Loading extension 'screenshots@mozilla.org': Reading manifest: Invalid extension permission: mozillaAddons
1558296581136	addons.webextension.screenshots@mozilla.org	WARN	Loading extension 'screenshots@mozilla.org': Reading manifest: Invalid extension permission: resource://pdf.js/
1558296581136	addons.webextension.screenshots@mozilla.org	WARN	Loading extension 'screenshots@mozilla.org': Reading manifest: Invalid extension permission: about:reader*
1558296583012	Marionette	INFO	Listening on port 50718
1558296583098	Marionette	WARN	TLS certificate errors will be ignored for this session
[Parent 15956, Gecko_IOThread] WARNING: pipe error: 109: file z:/build/build/src/ipc/chromium/src/chrome/common/ipc_channel_win.cc, line 332
[Parent 15956, Gecko_IOThread] WARNING: pipe error: 109: file z:/build/build/src/ipc/chromium/src/chrome/common/ipc_channel_win.cc, line 332
[Child 4464, Chrome_ChildThread] WARNING: pipe erro[Chilr: 109: file z:/build/build/src/ipc/chromium/src/chrome/common/ipc_chd 12328, Chrome_ChildThread] WARNING: pannel_win.cc, line 332
ipe error: 109: file z:/build/build/src/ipc/chromium/src/chrome/common/ipc_channel_win.cc, line 332
[Child 12328, Ch[Child 8144, Chrome_ChildThread] WARNING: pipe error: 109: file z:/build/build/src/ipc/chromium/src/chrome/common/ipc_channel_win.cc, line 332
[Child 8144, Chr1558296604447	Marionette	INFO	Stopped listening on port 50718
[GPU 1
###!!! [Child][RunMessage] Error: Channel closing: too late to send/recv, messages will be lost


###!!! [Child][MessageChannel::SendAndWait] Error: Channel error: cannot send/recv

1558296691561	mozrunner::runner	INFO	Running command: "C:\\Program Files\\Mozilla Firefox\\firefox.exe" "-marionette" "-foreground" "-no-remote" "-profile" "C:\\Users\\Jonttu\\AppData\\Local\\Temp\\rust_mozprofile.NlNxB5J5x0Mg"
1558296692891	addons.webextension.screenshots@mozilla.org	WARN	Loading extension 'screenshots@mozilla.org': Reading manifest: Invalid extension permission: mozillaAddons
1558296692891	addons.webextension.screenshots@mozilla.org	WARN	Loading extension 'screenshots@mozilla.org': Reading manifest: Invalid extension permission: resource://pdf.js/
1558296692891	addons.webextension.screenshots@mozilla.org	WARN	Loading extension 'screenshots@mozilla.org': Reading manifest: Invalid extension permission: about:reader*
1558296695338	Marionette	INFO	Listening on port 50764
1558296695404	Marionette	WARN	TLS certificate errors will be ignored for this session
[Parent 5524, Gecko_IOThread] WARNING: pipe error: 109: file z:/build/build/src/ipc/chromium/src/chrome/common/ipc_channel_win.cc, line 332
[Parent 5524, Gecko_IOThread] WARNING: pipe error: 109: file z:/build/build/src/ipc/chromium/src/chrome/common/ipc_channel_win.cc, line 332
[Child 14904, Chrome_ChildThread] WARNING: pipe error: 109: file z:/build/build/src/ipc/chromium/src/chrome/common/ipc_channel_win.cc, line 332
[Child 14904, Chrome_ChildThread] WARNING: pipe error: 109: file z:/[Parent 5524, Gecko_IOThread] WARNING: pipe error: 109: file z:/build/build/src/ipc/chromium/src/chrome/common/ipc_channel_win.cc, line 332
[Child 3384, Chrome_ChildThread] WARNING: pipe error: 109: file z:/build/build/src/ipc/chromium/src/chrome/common/ipc_channel_win.cc, line 332
[Child 3384, Ch1558296799795	Marionette	INFO	Stopped listening on port 50764

###!!! [Child][RunMessage] Error: Channel closing: too late to send/recv, messages will be lost

[
###!!! [Child][MessageChannel::SendAndWait] Error: Channel error: cannot send/recv

1558296806892	mozrunner::runner	INFO	Running command: "C:\\Program Files\\Mozilla Firefox\\firefox.exe" "-marionette" "-foreground" "-no-remote" "-profile" "C:\\Users\\Jonttu\\AppData\\Local\\Temp\\rust_mozprofile.LhZFhTqMLV6Y"
1558296808519	addons.webextension.screenshots@mozilla.org	WARN	Loading extension 'screenshots@mozilla.org': Reading manifest: Invalid extension permission: mozillaAddons
1558296808519	addons.webextension.screenshots@mozilla.org	WARN	Loading extension 'screenshots@mozilla.org': Reading manifest: Invalid extension permission: resource://pdf.js/
1558296808519	addons.webextension.screenshots@mozilla.org	WARN	Loading extension 'screenshots@mozilla.org': Reading manifest: Invalid extension permission: about:reader*
1558296810515	Marionette	INFO	Listening on port 50817
1558296810762	Marionette	WARN	TLS certificate errors will be ignored for this session
[Parent 5824, Gecko_IOThread] WARNING: pipe error: 109: file z:/build/build/src/ipc/chromium/src/chrome/common/ipc_channel_win.cc, line 332
[Parent 5824, Gecko_IOThread] WARNING: pipe error: 109: file z:/build/build/src/ipc/chromium/src/chrome/common/ipc_channel_win.cc, line 332
[Child 14516, Chrome_ChildThread] WARNING: pipe error: 109: file z:/build/build/src/ipc/chromium/src/chrome/common/ipc_channel_win.cc, li[Child 13872, Chrome_ChildThread] WARNING: pipe error: 109: file z:/build/build/src/ipc/chromium/src/chrome/common/ipc_channel_win.cc, line 332
ne 332
[Child 14516, Chrome_ChildThread] WARNING: pipe err[Child 13872, Chrome_ChildThread] WARNING: pipe error: 109: file z:/build/build/src/ipc/chromium/src/chrome/common/ipc_channel_win.cc, line [Child 5324, Chrome_ChildThread] WARNING: pipe error: 109: file z:/build/build/src/ipc/chromium/src/chrome/common/ipc_channel_win.cc, line 332
[Child 5324, Chrome_ChildThread] WA1558296863542	Marionette	INFO	Stopped listening on port 50817

###!!! [Child][MessageChannel::SendAndWait] Error: Channel error: cannot send/recv

1558371976982	mozrunner::runner	INFO	Running command: "C:\\Program Files\\Mozilla Firefox\\firefox.exe" "-marionette" "-foreground" "-no-remote" "-profile" "C:\\Users\\Jonttu\\AppData\\Local\\Temp\\rust_mozprofile.POxkgTjd4jbo"
1558371979355	addons.webextension.screenshots@mozilla.org	WARN	Loading extension 'screenshots@mozilla.org': Reading manifest: Invalid extension permission: mozillaAddons
1558371979355	addons.webextension.screenshots@mozilla.org	WARN	Loading extension 'screenshots@mozilla.org': Reading manifest: Invalid extension permission: resource://pdf.js/
1558371979355	addons.webextension.screenshots@mozilla.org	WARN	Loading extension 'screenshots@mozilla.org': Reading manifest: Invalid extension permission: about:reader*
1558371981495	Marionette	INFO	Listening on port 59409
1558371981967	Marionette	WARN	TLS certificate errors will be ignored for this session
JavaScript error: https://www.instagram.com/static/bundles/es6/ConsumerUICommons.js/cdc35605a39a.js, line 11: Error: Got unexpected null or undefined
[Parent 1376, Gecko_IOThread] WARNING: pipe error: 109: file z:/build/build/src/ipc/chromium/src/chrome/common/ipc_channel_win.cc, line 332
[Parent 1376, Gecko_IOThread] WARNING: pipe error: 109: file z:/build/build/src/ipc/chromium/src/chrome/common/ipc_channel_win.cc, line 332
[Child 12684, Chrome_ChildThread] WARNING: pipe error: 109: file z:/build/build/src/ipc/chromium/src/chrome/common/ipc_channel_win.cc, line 332
[Child [Parent 1376, Gecko_IOThread] WARNING: pipe error: 109: file z:/build/build/src/ipc/chromium/src/chrome/common/ipc_channel_win.cc, line 332
[Child 9748, Chrome_ChildThread] WARNING: pipe error: 109: file z:/build/build/src/ipc/chromium/src/chrome/common/ipc_channel_win.cc, line 332
[Child 91558372200231	Marionette	INFO	Stopped listening on port 59409
[GPU 7040
###!!! [Child][RunMessage] Error: Channel closing: too late to send/recv, messages will be lost


###!!! [Child][MessageChannel::SendAndWait] Error: Channel error: cannot send/recv

1558372212930	mozrunner::runner	INFO	Running command: "C:\\Program Files\\Mozilla Firefox\\firefox.exe" "-marionette" "-foreground" "-no-remote" "-profile" "C:\\Users\\Jonttu\\AppData\\Local\\Temp\\rust_mozprofile.wbIS062nIO8W"
1558372214318	addons.webextension.screenshots@mozilla.org	WARN	Loading extension 'screenshots@mozilla.org': Reading manifest: Invalid extension permission: mozillaAddons
1558372214318	addons.webextension.screenshots@mozilla.org	WARN	Loading extension 'screenshots@mozilla.org': Reading manifest: Invalid extension permission: resource://pdf.js/
1558372214318	addons.webextension.screenshots@mozilla.org	WARN	Loading extension 'screenshots@mozilla.org': Reading manifest: Invalid extension permission: about:reader*
1558372216284	Marionette	INFO	Listening on port 59472
1558372216314	Marionette	WARN	TLS certificate errors will be ignored for this session
console.error: BroadcastService: 
  receivedBroadcastMessage: handler for
  remote-settings/monitor_changes
  threw error:
  Message: Error: Polling for changes failed: NetworkError when attempting to fetch resource..
  Stack:
    remoteSettingsFunction/remoteSettings.pollChanges@resource://services-settings/remote-settings.js:190:13

[Parent 4204, Gecko_IOThread] WARNING: pipe error: 109: file z:/build/build/src/ipc/chromium/src/chrome/common/ipc_channel_win.cc, line 332
[Parent 4204, Gecko_IOThread] WARNING: pipe error: 109: file z:/build/build/src/ipc/chromium/src/chrome/common/ipc_channel_win.cc, line 332
[Parent 4204, Gecko_IOThread] WARNING: pipe error: 109: file z:/build/build/src/ipc/chromium/src/chrome/common/ipc_channel_win.cc, line 332
[Child 10948, Chrome_ChildThread] WARNING: pipe error: 109: file z:/[Child 14272, build/build/src/ipc/Chrome_ChildThread] WAcRNING: pipe error: 109: file z:/build/build/shromium/src/chrome/common/ipc_channel_win.cc, line 332
rc/ipc/chromium/src/chrome/common/ipc_channel_win.cc, line 332
[Child 14272, Chrome_ChildThread][Parent 4204, Gecko_IOThread] WARNING: pipe error: 109: file z:/build/build/src/ipc/chromium/src/chrome/common/ipc_channel_win.cc, line 332
[Child 6616, Chrome_ChildThread] WARNING: pipe error: 109: file z:/build/build/src/ipc/chromium/src/chrome/common/ipc_channel_win.cc, line 332
[Child 6616, Chrome_ChildT1558372421031	Marionette	INFO	Stopped listening on port 59472
[GPU
###!!! [Child][RunMessage] Error: Channel closing: too late to send/recv, messages will be lost


###!!! [Child][MessageChannel::SendAndWait] Error: Channel error: cannot send/recv

1558372481657	mozrunner::runner	INFO	Running command: "C:\\Program Files\\Mozilla Firefox\\firefox.exe" "-marionette" "-foreground" "-no-remote" "-profile" "C:\\Users\\Jonttu\\AppData\\Local\\Temp\\rust_mozprofile.w3RTITwfdGeN"
1558372483158	addons.webextension.screenshots@mozilla.org	WARN	Loading extension 'screenshots@mozilla.org': Reading manifest: Invalid extension permission: mozillaAddons
1558372483158	addons.webextension.screenshots@mozilla.org	WARN	Loading extension 'screenshots@mozilla.org': Reading manifest: Invalid extension permission: resource://pdf.js/
1558372483158	addons.webextension.screenshots@mozilla.org	WARN	Loading extension 'screenshots@mozilla.org': Reading manifest: Invalid extension permission: about:reader*
1558372485275	Marionette	INFO	Listening on port 59543
1558372485491	Marionette	WARN	TLS certificate errors will be ignored for this session
[Parent 9916, Gecko_IOThread] WARNING: pipe error: 109: file z:/build/build/src/ipc/chromium/src/chrome/common/ipc_channel_win.cc, line 332
1558373032990	mozrunner::runner	INFO	Running command: "C:\\Program Files\\Mozilla Firefox\\firefox.exe" "-marionette" "-foreground" "-no-remote" "-profile" "C:\\Users\\Jonttu\\AppData\\Local\\Temp\\rust_mozprofile.WM41v2Hm845h"
1558373035021	addons.webextension.screenshots@mozilla.org	WARN	Loading extension 'screenshots@mozilla.org': Reading manifest: Invalid extension permission: mozillaAddons
1558373035022	addons.webextension.screenshots@mozilla.org	WARN	Loading extension 'screenshots@mozilla.org': Reading manifest: Invalid extension permission: resource://pdf.js/
1558373035022	addons.webextension.screenshots@mozilla.org	WARN	Loading extension 'screenshots@mozilla.org': Reading manifest: Invalid extension permission: about:reader*
1558373036960	Marionette	INFO	Listening on port 59699
1558373037179	Marionette	WARN	TLS certificate errors will be ignored for this session
[Parent 14580, Gecko_IOThread] WARNING: pipe error: 109: file z:/build/build/src/ipc/chromium/src/chrome/common/ipc_channel_win.cc, line 332
[Child 16312, Chrome_ChildThread] WARNING: pipe error: 109: file z:/build/build/src/ipc/chromium/src/chrome/common/ipc_channel_win.cc, line 332
[Child 16312, Chrome_ChildThread] WARNING: pipe error: 109: file z:/build/build/src/ipc/chromium/src/chrome/common/ipc_[Parent 14580, Gecko_IOThread] WARNING: pipe error: 109: file z:/build/build/src/ipc/chromium/src/chrome/common/ipc_channel_win.cc, line 332
[Child 3252, Chrome_ChildThread] WARNING: pipe error: 109: file z:/build/b[Chiluild/src/ipd 11176, Chrome_ChildThread] WARNING: pipe error: 109: file z:/build/buc/chromiumild/src/ipc/chromium/src/chrome/common/ipc_c/src/chrome/hannel_win.cc, lincommon/ipc_channe 332
el_win.cc, line 332
[Child 3252[Parent 14580, Gecko_IOThread] WARNING: pipe error: 109: file z:/build/build/src/ipc/chromium/src/chrome/common/ipc_channel_win.cc, line 332
[Child 8784, Chrome_ChildThread] WARNING: pipe error: 109: file z:/build/build/src/ipc/chromium/src/chrome/common/ipc_channel_win.cc, line 332
[Child 871558373065663	Marionette	INFO	Stopped listening on port 59699
[GPU 81
###!!! [Child][MessageChannel::SendAndWait] Error: Channel error: cannot send/recv

c, line 332
[Child 5828, C[Parent 9916, Gecko_IOThread] WARNING: pipe error: 109: file z:/build/build/src/ipc/chromium/src/chrome/common/ipc_channel_win.cc, line 332
[Child 916, Chrome_ChildThread] WARNING: pipe error: 109: file z:/build/build/src/ipc/chromium/src/chrome/common/ipc_channel_win.cc, line 332
[Child 916, Ch1558373032182	Marionette	INFO	Stopped listening on port 59543
[GPU 14180
###!!! [Child][RunMessage] Error: Channel closing: too late to send/recv, messages will be lost

,
###!!! [Child][MessageChannel::SendAndWait] Error: Channel error: cannot send/recv

1558373194021	mozrunner::runner	INFO	Running command: "C:\\Program Files\\Mozilla Firefox\\firefox.exe" "-marionette" "-foreground" "-no-remote" "-profile" "C:\\Users\\Jonttu\\AppData\\Local\\Temp\\rust_mozprofile.BJAu4T0oJ2Fv"
1558373195454	addons.webextension.screenshots@mozilla.org	WARN	Loading extension 'screenshots@mozilla.org': Reading manifest: Invalid extension permission: mozillaAddons
1558373195454	addons.webextension.screenshots@mozilla.org	WARN	Loading extension 'screenshots@mozilla.org': Reading manifest: Invalid extension permission: resource://pdf.js/
1558373195454	addons.webextension.screenshots@mozilla.org	WARN	Loading extension 'screenshots@mozilla.org': Reading manifest: Invalid extension permission: about:reader*
1558373197326	Marionette	INFO	Listening on port 59799
1558373197401	Marionette	WARN	TLS certificate errors will be ignored for this session
[Child 6396, Chrome_ChildThread] WARNING: pipe error: 109: file z:/build/build/src/ipc/chromium/src/chrome/common/ipc_channel_win.cc, line 332
[Child 11212, Chrome_ChildThread] WARNING: pipe error: 109: file z:/build/build/src/ipc/chromium/src/chrome/common/ipc_channel_win.cc, line 332
[Child 1121[Child 17320, Chrome_ChildThread] WARNING: pipe error: 109: file z:/build/build/src/ipc/chromium/src/chrome/common/ipc_channel_win.cc, line 332
[Child 11558373321490	Marionette	INFO	Stopped listening on port 59799
[G
###!!! [Child][RunMessage] Error: Channel closing: too late to send/recv, messages will be lost


###!!! [Child][MessageChannel::SendAndWait] Error: Channel error: cannot send/recv

1558373331236	mozrunner::runner	INFO	Running command: "C:\\Program Files\\Mozilla Firefox\\firefox.exe" "-marionette" "-foreground" "-no-remote" "-profile" "C:\\Users\\Jonttu\\AppData\\Local\\Temp\\rust_mozprofile.65mTDnM0O45O"
1558373332656	addons.webextension.screenshots@mozilla.org	WARN	Loading extension 'screenshots@mozilla.org': Reading manifest: Invalid extension permission: mozillaAddons
1558373332656	addons.webextension.screenshots@mozilla.org	WARN	Loading extension 'screenshots@mozilla.org': Reading manifest: Invalid extension permission: resource://pdf.js/
1558373332656	addons.webextension.screenshots@mozilla.org	WARN	Loading extension 'screenshots@mozilla.org': Reading manifest: Invalid extension permission: about:reader*
1558373335206	Marionette	INFO	Listening on port 59864
1558373335576	Marionette	WARN	TLS certificate errors will be ignored for this session
console.error: BroadcastService: 
  receivedBroadcastMessage: handler for
  remote-settings/monitor_changes
  threw error:
  Message: Error: Polling for changes failed: NetworkError when attempting to fetch resource..
  Stack:
    remoteSettingsFunction/remoteSettings.pollChanges@resource://services-settings/remote-settings.js:190:13

[Parent 16692, Gecko_IOThread] WARNING: pipe error: 109: file z:/build/build/src/ipc/chromium/src/chrome/common/ipc_channel_win.cc, line 332
[Child 10884, Chrome_ChildThread] WARNING: pipe error: 109: file z:/build/build/src/ipc/chromium/src/chrome/common/ipc_channel_win.cc, line 332
[Child 10884, Chro[Parent 16692, Gecko_IOThread] WARNING: pipe error: 109: file z:/build/build/src/ipc/chromium/src/chrome/common/ipc_channel_win.cc, line 332
[Parent 16692, Gecko_IOThread] WARNING: pipe error: 109: file z:/build/build/src/ipc/chromium/src/chrome/common/ipc_channel_win.cc, line 332
[Child 11080, Chrome_ChildThread] WARNING: pipe error: 109: file z:/build/build/src/ipc/chromium/src/chrom[Child 13664, Chrome_ChildThread] WARNING: pipe err1558374102415	Marionette	INFO	Listening on port 60050
1558374102735	Marionette	WARN	TLS certificate errors will be ignored for this session
JavaScript error: resource://activity-stream/lib/ActivityStreamPrefs.jsm, line 23: NS_ERROR_ILLEGAL_VALUE: Component returned failure code: 0x80070057 (NS_ERROR_ILLEGAL_VALUE) [nsIPrefBranch.removeObserver]
[Child 15428, Chrome_ChildThread] WARNING: pipe error: 109: file z:/build/build/src/[Child 3860, Chromeipc/chromium/src/chrome/common/_ChildThipc_channread] WAel_win.cRNING: pipe error: 1c, line 309: file z:/bu32
[Child 1542ild/build/src1558374105350	Marionette	INFO	Stopped listening on port 59864

###!!! [Child][RunMessage] Error: Channel closing: too late to send/recv, messages will be lost

[
###!!! [Child][MessageChannel::SendAndWait] Error: Channel error: cannot send/recv

RNING: pipe error: 109: file z:/build/build/src/ipc/chromium/src/chrome/common/ipc_channel_win.cc, line 332
[Child 8084,JavaScript error: resource://gre/modules/JSONFile.jsm, line 159: Error: Data is not ready.
console.error: PushService: 
  clearOriginData: Error clearing origin data:
  UnknownError
console.error: PushService: 
  stateChangeProcessEnqueue: Error transitioning state
  UnknownError

###!!! [Parent][DispatchAsyncMessage] Error: PBackgroundIDBFactory::Msg_PBackgroundIDBFactoryRequestConstructor Value error: message was deserialized, but contained an illegal value


###!!! [Parent][DispatchAsyncMessage] Error: PBackgroundIDBFactory::Msg_PBackgroundIDBFactoryRequestConstructor Value error: message was deserialized, but contained an illegal value

1558374106501	Marionette	INFO	Stopped listening on port 60050
[
###!!! [Child][MessageChannel::SendAndWait] Error: Channel error: cannot send/recv

1558374111801	mozrunner::runner	INFO	Running command: "C:\\Program Files\\Mozilla Firefox\\firefox.exe" "-marionette" "-foreground" "-no-remote" "-profile" "C:\\Users\\Jonttu\\AppData\\Local\\Temp\\rust_mozprofile.sfPx7H0BK1aN"
1558374113179	addons.webextension.screenshots@mozilla.org	WARN	Loading extension 'screenshots@mozilla.org': Reading manifest: Invalid extension permission: mozillaAddons
1558374113179	addons.webextension.screenshots@mozilla.org	WARN	Loading extension 'screenshots@mozilla.org': Reading manifest: Invalid extension permission: resource://pdf.js/
1558374113179	addons.webextension.screenshots@mozilla.org	WARN	Loading extension 'screenshots@mozilla.org': Reading manifest: Invalid extension permission: about:reader*
1558374114928	Marionette	INFO	Listening on port 60081
1558374115065	Marionette	WARN	TLS certificate errors will be ignored for this session
console.error: BroadcastService: 
  receivedBroadcastMessage: handler for
  remote-settings/monitor_changes
  threw error:
  Message: Error: Polling for changes failed: NetworkError when attempting to fetch resource..
  Stack:
    remoteSettingsFunction/remoteSettings.pollChanges@resource://services-settings/remote-settings.js:190:13

[Parent 5220, Gecko_IOThread] WARNING: pipe error: 109: file z:/build/build/src/ipc/chromium/src/chrome/common/ipc_channel_win.cc, line 332
[Parent 5220, Gecko_IOThread] WARNING: pipe error: 109: file z:/build/build/src/ipc/chromium/src/chrome/common/ipc_channel_win.cc, line 332
[Child 2388, Chrome_ChildThread] WARNING: pipe error: 109: file z:/build/build/src/ipc/chromium/src/chrome/common/ipc_channel_win.cc, line 3[32
Child 15572, Chrome_ChildThread] WARNING: pipe error: 109: file z:/build/build/src/ipc/chromium/src/chrome/common/ipc_channel_win.cc, line 332
[Child 15[Parent 5220, Gecko_IOThread] WARNING: pipe error: 109: file z:/build/build/src/ipc/chromium/src/chrome/common/ipc_channel_win.cc, line 332
[Child 7880, Chrome_ChildThread] WARNING: pipe error: 109: file z:/build/build/src/ipc/chromium/src/chrome/common/ipc_channel_win.cc, line 332
[Child 7880, Chrom1558374184809	Marionette	INFO	Stopped listening on port 60081
[GPU 123
###!!! [Child][MessageChannel::SendAndWait] Error: Channel error: cannot send/recv

1558374542100	mozrunner::runner	INFO	Running command: "C:\\Program Files\\Mozilla Firefox\\firefox.exe" "-marionette" "-foreground" "-no-remote" "-profile" "C:\\Users\\Jonttu\\AppData\\Local\\Temp\\rust_mozprofile.r4aNM5ngCDaq"
1558374543669	addons.webextension.screenshots@mozilla.org	WARN	Loading extension 'screenshots@mozilla.org': Reading manifest: Invalid extension permission: mozillaAddons
1558374543669	addons.webextension.screenshots@mozilla.org	WARN	Loading extension 'screenshots@mozilla.org': Reading manifest: Invalid extension permission: resource://pdf.js/
1558374543669	addons.webextension.screenshots@mozilla.org	WARN	Loading extension 'screenshots@mozilla.org': Reading manifest: Invalid extension permission: about:reader*
1558374545424	Marionette	INFO	Listening on port 60178
1558374545492	Marionette	WARN	TLS certificate errors will be ignored for this session
[Parent 12156, Gecko_IOThread] WARNING: pipe error: 109: file z:/build/build/src/ipc/chromium/src/chrome/common/ipc_channel_win.cc, line 332
[Parent 12156, Gecko_IOThread] WARNING: pipe error: 109: file z:/build/build/src/ipc/chromium/src/chrome/common/ipc_channel_win.cc, line 332
[Child 15808, Chrome_ChildThread] WARNING: pipe error: 109: file z:/build/build/[Child 10388, Chrome_ChildThread] WARNING: pipe error: 10src/ipc/chromium/src/chrome/common/ipc_channel_win.cc, line 332
9: file z:/build/build/src/ipc/chromium/src/chrome/common/ipc_channel_win.cc, line 332
[Child 10388, [Parent 12156, Gecko_IOThread] WARNING: pipe error: 109: file z:/build/build/src/ipc/chromium/src/chrome/common/ipc_channel_win.cc, line 332
[Child 14168, Chrome_ChildThread] WARNING: pipe error: 109: file z:/build/build/src/ipc/chromium/src/chrome/common/ipc_channel_win.cc, line 332
[Child 14168, Chrome_1558374742722	Marionette	INFO	Stopped listening on port 60178
[
###!!! [Child][MessageChannel::SendAndWait] Error: Channel error: cannot send/recv

1558374747450	mozrunner::runner	INFO	Running command: "C:\\Program Files\\Mozilla Firefox\\firefox.exe" "-marionette" "-foreground" "-no-remote" "-profile" "C:\\Users\\Jonttu\\AppData\\Local\\Temp\\rust_mozprofile.FOsCWEBwTAoM"
1558374748926	addons.webextension.screenshots@mozilla.org	WARN	Loading extension 'screenshots@mozilla.org': Reading manifest: Invalid extension permission: mozillaAddons
1558374748927	addons.webextension.screenshots@mozilla.org	WARN	Loading extension 'screenshots@mozilla.org': Reading manifest: Invalid extension permission: resource://pdf.js/
1558374748927	addons.webextension.screenshots@mozilla.org	WARN	Loading extension 'screenshots@mozilla.org': Reading manifest: Invalid extension permission: about:reader*
1558374750805	Marionette	INFO	Listening on port 60263
1558374751306	Marionette	WARN	TLS certificate errors will be ignored for this session
[Parent 11388, Gecko_IOThread] WARNING: pipe error: 109: file z:/build/build/src/ipc/chromium/src/chrome/common/ipc_channel_win.cc, line 332
[Child 13024, Chrome_ChildThread] WARNING: pipe error: 109: file z:/build/build/src/ipc/chromium/src/chrome/common/ipc_channel_win.cc, line 332
[Child 13024, Chrome[Child 3852, Chrome_ChildThread] WARNING: pipe error: 109: file z:/build/build/src/ipc/chromium/src/chrome/common/ipc_channel_win.cc, line 332
[Child 3852, Chrome_[Parent 11388, Gecko_IOThread] WARNING: pipe error: 109: file z:/build/build/src/ipc/chromium/src/chrome/common/ipc_channel_win.cc, line 332
[Child 12032, Chrome_ChildThread] WARNING: pipe error: 109: file z:/build/build/src/ipc/chromium/src/chrome/common/ipc_channel_win.cc, line 332
[Child 11558374938845	Marionette	INFO	Stopped listening on port 60263
[GP
###!!! [Child][RunMessage] Error: Channel closing: too late to send/recv, messages will be lost


###!!! [Child][MessageChannel::SendAndWait] Error: Channel error: cannot send/recv

1558374960372	mozrunner::runner	INFO	Running command: "C:\\Program Files\\Mozilla Firefox\\firefox.exe" "-marionette" "-foreground" "-no-remote" "-profile" "C:\\Users\\Jonttu\\AppData\\Local\\Temp\\rust_mozprofile.2MBlix96vEGV"
1558374961986	addons.webextension.screenshots@mozilla.org	WARN	Loading extension 'screenshots@mozilla.org': Reading manifest: Invalid extension permission: mozillaAddons
1558374961986	addons.webextension.screenshots@mozilla.org	WARN	Loading extension 'screenshots@mozilla.org': Reading manifest: Invalid extension permission: resource://pdf.js/
1558374961986	addons.webextension.screenshots@mozilla.org	WARN	Loading extension 'screenshots@mozilla.org': Reading manifest: Invalid extension permission: about:reader*
1558374963946	Marionette	INFO	Listening on port 60330
1558374964252	Marionette	WARN	TLS certificate errors will be ignored for this session
[Parent 484, Gecko_IOThread] WARNING: pipe error: 109: file z:/build/build/src/ipc/chromium/src/chrome/common/ipc_channel_win.cc, line 332
[Child 5292, Chrome_Chi[Parent 484, Gecko_IOThread] WARNING: pipe error: 109: file z:/build/build/src/ipc/chromium/src/chrome/common/ipc_channel_win.cc, line 332
[Child 11432, Chrome_ChildThread] WARNING: pipe error: 109: file z:/build/build/src/ipc/chromium/src/chrome/common/ipc_channel_win.cc, line 332
[Child 111558375033795	Marionette	INFO	Stopped listening on port 60330
[GP
###!!! [Child][RunMessage] Error: Channel closing: too late to send/recv, messages will be lost


###!!! [Child][MessageChannel::SendAndWait] Error: Channel error: cannot send/recv

ension permission: about:reader*
1558375033837	Marionette	INFO	Listening on port 60395
1558375034103	Marionette	WARN	TLS certificate errors will be ignored for this session
[Parent 2304, Gecko_IOThread] WARNING: pipe error: 109: file z:/build/build/src/ipc/chromium/src/chrome/common/ipc_channel_win.cc, line 332
[Parent 2304, Gecko_IOThread] WARNING: pipe error: 109: file z:/build/build/src/ipc/chromium/src/chrome/common/ipc_channel_win.cc, line 332
[Parent 2304, Gecko_IOThread] WARNING: pipe error: 109: file z:/build/build/src/ipc/chromium/src/chrome/common/ipc_channel_win.cc, line 332
[Child 2420, Chrome_ChildThread] WARNING: pipe error: 109: file z:/build/build/src/ipc/chromium/src/chrome/common/ipc_channel_wi[Child 14628, Chrome_ChildThread] WARNING: pipe error: 109: file z:/build/build/src/ipc/chromium/src/chrome/common/inpc_channel_win.cc, line 332
.cc, line 332
[Child 14628, Chrome_ChildThread] WARNING: pipe error: 109: file z:/build/build/src/ipc/chromium/src/chrome/common/ipc_channel_win.cc, line 332
[Parent 2304, Gecko_IOThread] WARNING: pipe error: 109: file z:/build/build/src/ipc/chromium/src/chrome/common/ipc_channel_win.cc, line 332
[Child 12528, Chrome_ChildThread] WARNING: pipe error: 109: file z:/build/build/src/ipc/chromium/src/chrome/common/ipc_channel_win.cc, line 332
[Child 12528, 1558375084077	Marionette	INFO	Stopped listening on port 60395

###!!! [Child][RunMessage] Error: Channel closing: too late to send/recv, messages will be lost

[
###!!! [Child][MessageChannel::SendAndWait] Error: Channel error: cannot send/recv

1558375088942	mozrunner::runner	INFO	Running command: "C:\\Program Files\\Mozilla Firefox\\firefox.exe" "-marionette" "-foreground" "-no-remote" "-profile" "C:\\Users\\Jonttu\\AppData\\Local\\Temp\\rust_mozprofile.gIrjkGQeAaVZ"
1558375090528	addons.webextension.screenshots@mozilla.org	WARN	Loading extension 'screenshots@mozilla.org': Reading manifest: Invalid extension permission: mozillaAddons
1558375090528	addons.webextension.screenshots@mozilla.org	WARN	Loading extension 'screenshots@mozilla.org': Reading manifest: Invalid extension permission: resource://pdf.js/
1558375090528	addons.webextension.screenshots@mozilla.org	WARN	Loading extension 'screenshots@mozilla.org': Reading manifest: Invalid extension permission: about:reader*
1558375092477	Marionette	INFO	Listening on port 60440
1558375092787	Marionette	WARN	TLS certificate errors will be ignored for this session
console.error: BroadcastService: 
  receivedBroadcastMessage: handler for
  remote-settings/monitor_changes
  threw error:
  Message: Error: Polling for changes failed: NetworkError when attempting to fetch resource..
  Stack:
    remoteSettingsFunction/remoteSettings.pollChanges@resource://services-settings/remote-settings.js:190:13

[Parent 14136, Gecko_IOThread] WARNING: pipe error: 109: file z:/build/build/src/ipc/chromium/src/chrome/common/ipc_channel_win.cc, line 332
1558375408629	mozrunner::runner	INFO	Running command: "C:\\Program Files\\Mozilla Firefox\\firefox.exe" "-marionette" "-foreground" "-no-remote" "-profile" "C:\\Users\\Jonttu\\AppData\\Local\\Temp\\rust_mozprofile.0TY3HxZyIIbs"
1558375410187	addons.webextension.screenshots@mozilla.org	WARN	Loading extension 'screenshots@mozilla.org': Reading manifest: Invalid extension permission: mozillaAddons
1558375410188	addons.webextension.screenshots@mozilla.org	WARN	Loading extension 'screenshots@mozilla.org': Reading manifest: Invalid extension permission: resource://pdf.js/
1558375410188	addons.webextension.screenshots@mozilla.org	WARN	Loading extension 'screenshots@mozilla.org': Reading manifest: Invalid extension permission: about:reader*
1558375412012	Marionette	INFO	Listening on port 60517
1558375412487	Marionette	WARN	TLS certificate errors will be ignored for this session
[Parent 12796, Gecko_IOThread] WARNING: pipe error: 109: file z:/build/build/src/ipc/chromium/src/chrome/common/ipc_channel_win.cc, line 332
console.error: BroadcastService: 
  receivedBroadcastMessage: handler for
  remote-settings/monitor_changes
  threw error:
  Message: Error: Polling for changes failed: NetworkError when attempting to fetch resource..
  Stack:
    remoteSettingsFunction/remoteSettings.pollChanges@resource://services-settings/remote-settings.js:190:13

[Parent 12796, Gecko_IOThread] WARNING: pipe error: 109: file z:/build/build/src/ipc/chromium/src/chrome/common/ipc_channel_win.cc, line 332
[Parent 12796, Gecko_IOThread] WARNING: pipe error: 109: file z:/build/build/src/ipc/chromium/src/chrome/common/ipc_channel_win.cc, line 332
[Child 13740, Chrome_ChildThread] WARNING: pipe error: 109: file z:/build/build/src/ipc/chromium/src/chrome/common/ipc_channel_win.cc, line 332
[Child 13740, Chrome_ChildThread] [Child 14020, Chrome_ChildThread] WARNING: pipe error: 109: file z:/build/build/src/ipc/chromium/src/chrome/common/ipc_channel_win.cc, line 332
[Child 141558375984527	Marionette	INFO	Stopped listening on port 60517

###!!! [Child][RunMessage] Error: Channel closing: too late to send/recv, messages will be lost

[
###!!! [Child][MessageChannel::SendAndWait] Error: Channel error: cannot send/recv

when attempting to fetch resource..
  Stack:
    remoteSettingsFunction/remoteSettings.pollChanges@resource://services-settings/remote-settings.js:190:13

[Parent 5552, Gecko_IOThread] WARNING: pipe error: 109: file z:/build/build/src/ipc/chromium/src/chrome/common/ipc_channel_win.cc, line 332
[Parent 5552, Gecko_IOThread] WARNING: pipe error: 109: file z:/build/build/src/ipc/chromium/src/chrome/common/ipc_channel_win.cc, line 332
[Child 12280, Chrome_ChildThread] WARNING: pipe error: 109: file z:/build/build/src/ipc/chromium/src/chrome/common/ipc_channel_win.cc, line 332
[Child 11388, Chrome_ChildThrea[Child 1d] WARNING: pipe error: 109: file z:/build/build/src/ipc/chromium/src/chrome/common/ipc_channel_win.cc, line 332
[Child [Parent 5552, Gecko_IOThread] WARNING: pipe error: 109: file z:/build/build/src/ipc/chromium/src/chrome/common/ipc_channel_win.cc, line 332
1558375983320	Marionette	INFO	Stopped listening on port 60605
[GPU 
###!!! [Child][RunMessage] Error: Channel closing: too late to send/recv, messages will be lost


###!!! [Child][MessageChannel::SendAndWait] Error: Channel error: cannot send/recv

